<?xml version="1.0" encoding="UTF-8"?>
<!-- Generated by org.testng.reporters.JUnitReportReporter -->
<testsuite skipped="0" hostname="PRAVEEN" name="com.RanfordBank.testCases.TC_05_EndToEndPayment" tests="1" failures="0" timestamp="2021-05-02T12:51:34 IST" time="55.178" errors="0">
  <testcase name="endToEndPayment" time="55.178" classname="com.RanfordBank.testCases.TC_05_EndToEndPayment"/>
  <system-out/>
</testsuite> <!-- com.RanfordBank.testCases.TC_05_EndToEndPayment -->
